# JRE version: OpenJDK Runtime Environment Corretto-11.0.25.9.1 (11.0.25+9) (build 11.0.25+9-LTS)
# Java VM: OpenJDK 64-Bit Server VM Corretto-11.0.25.9.1 (11.0.25+9-LTS, mixed mode, tiered, compressed oops, g1 gc, bsd-aarch64)
Heap:
 garbage-first heap   total 157696K, used 83628K [0x0000000740000000, 0x00000007c0000000)
  region size 1024K, 64 young (65536K), 12 survivors (12288K)
 Metaspace       used 52797K, capacity 54463K, committed 54784K, reserved 1095680K
  class space    used 6909K, capacity 7588K, committed 7680K, reserved 1048576K
GC Heap History (16 events):
Event: 0.411 GC heap before
{Heap before GC invocations=0 (full 0):
 garbage-first heap   total 131072K, used 23552K [0x0000000740000000, 0x00000007c0000000)
  region size 1024K, 24 young (24576K), 0 survivors (0K)
 Metaspace       used 13379K, capacity 13717K, committed 13824K, reserved 1060864K
  class space    used 1402K, capacity 1524K, committed 1536K, reserved 1048576K
}
Event: 0.416 GC heap after
{Heap after GC invocations=1 (full 0):
 garbage-first heap   total 131072K, used 7444K [0x0000000740000000, 0x00000007c0000000)
  region size 1024K, 3 young (3072K), 3 survivors (3072K)
 Metaspace       used 13379K, capacity 13717K, committed 13824K, reserved 1060864K
  class space    used 1402K, capacity 1524K, committed 1536K, reserved 1048576K
}
Event: 0.613 GC heap before
{Heap before GC invocations=1 (full 0):
 garbage-first heap   total 131072K, used 55572K [0x0000000740000000, 0x00000007c0000000)
  region size 1024K, 51 young (52224K), 3 survivors (3072K)
 Metaspace       used 20631K, capacity 21169K, committed 21296K, reserved 1069056K
  class space    used 2492K, capacity 2729K, committed 2816K, reserved 1048576K
}
Event: 0.619 GC heap after
{Heap after GC invocations=2 (full 0):
 garbage-first heap   total 131072K, used 9840K [0x0000000740000000, 0x00000007c0000000)
  region size 1024K, 6 young (6144K), 6 survivors (6144K)
 Metaspace       used 20631K, capacity 21169K, committed 21296K, reserved 1069056K
  class space    used 2492K, capacity 2729K, committed 2816K, reserved 1048576K
}
Event: 0.733 GC heap before
{Heap before GC invocations=3 (full 0):
 garbage-first heap   total 131072K, used 49776K [0x0000000740000000, 0x00000007c0000000)
  region size 1024K, 45 young (46080K), 6 survivors (6144K)
 Metaspace       used 25299K, capacity 26040K, committed 26240K, reserved 1073152K
  class space    used 3108K, capacity 3386K, committed 3456K, reserved 1048576K
}
Event: 0.737 GC heap after
{Heap after GC invocations=4 (full 0):
 garbage-first heap   total 131072K, used 10951K [0x0000000740000000, 0x00000007c0000000)
  region size 1024K, 4 young (4096K), 4 survivors (4096K)
 Metaspace       used 25299K, capacity 26040K, committed 26240K, reserved 1073152K
  class space    used 3108K, capacity 3386K, committed 3456K, reserved 1048576K
}
Event: 0.985 GC heap before
{Heap before GC invocations=4 (full 0):
 garbage-first heap   total 131072K, used 69319K [0x0000000740000000, 0x00000007c0000000)
  region size 1024K, 62 young (63488K), 4 survivors (4096K)
 Metaspace       used 29936K, capacity 30791K, committed 30976K, reserved 1077248K
  class space    used 3681K, capacity 4005K, committed 4096K, reserved 1048576K
}
Event: 0.990 GC heap after
{Heap after GC invocations=5 (full 0):
 garbage-first heap   total 131072K, used 13828K [0x0000000740000000, 0x00000007c0000000)
  region size 1024K, 7 young (7168K), 7 survivors (7168K)
 Metaspace       used 29936K, capacity 30791K, committed 30976K, reserved 1077248K
  class space    used 3681K, capacity 4005K, committed 4096K, reserved 1048576K
}
Event: 1.186 GC heap before
{Heap before GC invocations=5 (full 0):
 garbage-first heap   total 131072K, used 82436K [0x0000000740000000, 0x00000007c0000000)
  region size 1024K, 74 young (75776K), 7 survivors (7168K)
 Metaspace       used 32629K, capacity 33571K, committed 33792K, reserved 1079296K
  class space    used 4109K, capacity 4485K, committed 4608K, reserved 1048576K
}
Event: 1.191 GC heap after
{Heap after GC invocations=6 (full 0):
 garbage-first heap   total 157696K, used 16998K [0x0000000740000000, 0x00000007c0000000)
  region size 1024K, 8 young (8192K), 8 survivors (8192K)
 Metaspace       used 32629K, capacity 33571K, committed 33792K, reserved 1079296K
  class space    used 4109K, capacity 4485K, committed 4608K, reserved 1048576K
}
Event: 1.305 GC heap before
{Heap before GC invocations=6 (full 0):
 garbage-first heap   total 157696K, used 43622K [0x0000000740000000, 0x00000007c0000000)
  region size 1024K, 35 young (35840K), 8 survivors (8192K)
 Metaspace       used 34778K, capacity 35710K, committed 35840K, reserved 1081344K
  class space    used 4371K, capacity 4769K, committed 4864K, reserved 1048576K
}
Event: 1.313 GC heap after
{Heap after GC invocations=7 (full 0):
 garbage-first heap   total 157696K, used 18844K [0x0000000740000000, 0x00000007c0000000)
  region size 1024K, 8 young (8192K), 8 survivors (8192K)
 Metaspace       used 34778K, capacity 35710K, committed 35840K, reserved 1081344K
  class space    used 4371K, capacity 4769K, committed 4864K, reserved 1048576K
}
Event: 1.658 GC heap before
{Heap before GC invocations=8 (full 0):
 garbage-first heap   total 157696K, used 104860K [0x0000000740000000, 0x00000007c0000000)
  region size 1024K, 92 young (94208K), 8 survivors (8192K)
 Metaspace       used 39876K, capacity 41064K, committed 41216K, reserved 1085440K
  class space    used 5116K, capacity 5603K, committed 5632K, reserved 1048576K
}
Event: 1.664 GC heap after
{Heap after GC invocations=9 (full 0):
 garbage-first heap   total 157696K, used 23308K [0x0000000740000000, 0x00000007c0000000)
  region size 1024K, 10 young (10240K), 10 survivors (10240K)
 Metaspace       used 39876K, capacity 41064K, committed 41216K, reserved 1085440K
  class space    used 5116K, capacity 5603K, committed 5632K, reserved 1048576K
}
Event: 1.984 GC heap before
{Heap before GC invocations=9 (full 0):
 garbage-first heap   total 157696K, used 107276K [0x0000000740000000, 0x00000007c0000000)
  region size 1024K, 92 young (94208K), 10 survivors (10240K)
 Metaspace       used 47134K, capacity 48595K, committed 48768K, reserved 1091584K
  class space    used 6077K, capacity 6679K, committed 6784K, reserved 1048576K
}
Event: 1.993 GC heap after
{Heap after GC invocations=10 (full 0):
 garbage-first heap   total 157696K, used 31404K [0x0000000740000000, 0x00000007c0000000)
  region size 1024K, 12 young (12288K), 12 survivors (12288K)
 Metaspace       used 47134K, capacity 48595K, committed 48768K, reserved 1091584K
  class space    used 6077K, capacity 6679K, committed 6784K, reserved 1048576K
}

